<?xml version="1.0" encoding="UTF-8"?>
<!-- Generated by org.testng.reporters.JUnitReportReporter -->
<testsuite skipped="0" hostname="DESKTOP-02U8I8T" name="basics.SonClass" tests="1" failures="0" timestamp="2022-07-07T13:33:25 IST" time="7.029" errors="0">
  <testcase name="startOrangeHRM" time="7.029" classname="basics.SonClass"/>
  <system-out/>
</testsuite> <!-- basics.SonClass -->
