<?xml version="1.0" encoding="UTF-8"?>
<!-- Generated by org.testng.reporters.JUnitReportReporter -->
<testsuite skipped="0" hostname="DESKTOP-02U8I8T" name="basics.DaughterClass" tests="1" failures="0" timestamp="2022-07-07T13:33:25 IST" time="38.012" errors="0">
  <testcase name="startMercuryNewDemo" time="38.012" classname="basics.DaughterClass"/>
  <system-out/>
</testsuite> <!-- basics.DaughterClass -->
