<?xml version="1.0" encoding="UTF-8"?>
<!-- Generated by org.testng.reporters.JUnitReportReporter -->
<testsuite hostname="DESKTOP-02U8I8T" failures="0" tests="1" name="basics.DaughterClass" time="31.492" errors="0" timestamp="2022-07-07T13:39:06 IST" skipped="0">
  <testcase classname="basics.DaughterClass" name="startMercuryNewDemo" time="31.492"/>
  <system-out/>
</testsuite> <!-- basics.DaughterClass -->
